{"name": "test_multiple_failed_login_attempts", "status": "skipped", "statusDetails": {"message": "XFAIL Система ошибочно принимает неверные учетные данные, вход осуществляется\n\nselenium.common.exceptions.NoSuchElementException: Message: no such element: Unable to locate element: {\"method\":\"xpath\",\"selector\":\"//div[@id='loginPanel']//input[@name='username']\"}\n  (Session info: chrome=133.0.6943.53)\nStacktrace:\n#0 0x5d48dafab09a <unknown>\n#1 0x5d48daa728b0 <unknown>\n#2 0x5d48daac3b99 <unknown>\n#3 0x5d48daac3d21 <unknown>\n#4 0x5d48dab12854 <unknown>\n#5 0x5d48daae99ad <unknown>\n#6 0x5d48dab0fb8b <unknown>\n#7 0x5d48daae9753 <unknown>\n#8 0x5d48daab538e <unknown>\n#9 0x5d48daab6b51 <unknown>\n#10 0x5d48daf7476b <unknown>\n#11 0x5d48daf786f2 <unknown>\n#12 0x5d48daf608fc <unknown>\n#13 0x5d48daf792e4 <unknown>\n#14 0x5d48daf449cf <unknown>\n#15 0x5d48daf99cd8 <unknown>\n#16 0x5d48daf99eb6 <unknown>\n#17 0x5d48dafa9f16 <unknown>\n#18 0x72db5c494ac3 <unknown>", "trace": "driver = <selenium.webdriver.chrome.webdriver.WebDriver (session=\"a20306f03f2ea0cffbdb605d8509da60\")>\nbase_url = 'https://parabank.parasoft.com/parabank'\n\n    @pytest.mark.xfail(reason=\"Система ошибочно принимает неверные учетные данные, вход осуществляется\")\n    def test_multiple_failed_login_attempts(driver, base_url):\n        \"\"\"\n        Тест проверяет, что при вводе неправильных учетных данных вход осуществляется (негативный сценарий).\n        Ожидается, что тест провалится, так как система должна блокировать вход, но этого не происходит.\n        \"\"\"\n        driver.get(base_url)\n        login_page = LoginPage(driver)\n        for attempt in range(3):\n>           login_page.login(\"invalidUser\", \"invalidPass\")\n\ntests/test_additional.py:22: \n_ _ _ _ _ _ _ _ _ _ _ _ _ _ _ _ _ _ _ _ _ _ _ _ _ _ _ _ _ _ _ _ _ _ _ _ _ _ _ _ \npages/login_page.py:15: in login\n    self.send_keys(self.USERNAME_INPUT, username)\npages/base_page.py:17: in send_keys\n    element = self.find_element(locator)\npages/base_page.py:10: in find_element\n    return self.driver.find_element(*locator)\nvenv/lib/python3.10/site-packages/selenium/webdriver/remote/webdriver.py:830: in find_element\n    return self.execute(Command.FIND_ELEMENT, {\"using\": by, \"value\": value})[\"value\"]\nvenv/lib/python3.10/site-packages/selenium/webdriver/remote/webdriver.py:440: in execute\n    self.error_handler.check_response(response)\n_ _ _ _ _ _ _ _ _ _ _ _ _ _ _ _ _ _ _ _ _ _ _ _ _ _ _ _ _ _ _ _ _ _ _ _ _ _ _ _ \n\nself = <selenium.webdriver.remote.errorhandler.ErrorHandler object at 0x7892d4c7ab00>\nresponse = {'status': 404, 'value': '{\"value\":{\"error\":\"no such element\",\"message\":\"no such element: Unable to locate element: {\\...\\\\n#16 0x5d48daf99eb6 \\\\u003Cunknown>\\\\n#17 0x5d48dafa9f16 \\\\u003Cunknown>\\\\n#18 0x72db5c494ac3 \\\\u003Cunknown>\\\\n\"}}'}\n\n    def check_response(self, response: Dict[str, Any]) -> None:\n        \"\"\"Checks that a JSON response from the WebDriver does not have an\n        error.\n    \n        :Args:\n         - response - The JSON response from the WebDriver server as a dictionary\n           object.\n    \n        :Raises: If the response contains an error message.\n        \"\"\"\n        status = response.get(\"status\", None)\n        if not status or status == ErrorCode.SUCCESS:\n            return\n        value = None\n        message = response.get(\"message\", \"\")\n        screen: str = response.get(\"screen\", \"\")\n        stacktrace = None\n        if isinstance(status, int):\n            value_json = response.get(\"value\", None)\n            if value_json and isinstance(value_json, str):\n                import json\n    \n                try:\n                    value = json.loads(value_json)\n                    if len(value.keys()) == 1:\n                        value = value[\"value\"]\n                    status = value.get(\"error\", None)\n                    if not status:\n                        status = value.get(\"status\", ErrorCode.UNKNOWN_ERROR)\n                        message = value.get(\"value\") or value.get(\"message\")\n                        if not isinstance(message, str):\n                            value = message\n                            message = message.get(\"message\")\n                    else:\n                        message = value.get(\"message\", None)\n                except ValueError:\n                    pass\n    \n        exception_class: Type[WebDriverException]\n        if status in ErrorCode.NO_SUCH_ELEMENT:\n            exception_class = NoSuchElementException\n        elif status in ErrorCode.NO_SUCH_FRAME:\n            exception_class = NoSuchFrameException\n        elif status in ErrorCode.NO_SUCH_SHADOW_ROOT:\n            exception_class = NoSuchShadowRootException\n        elif status in ErrorCode.NO_SUCH_WINDOW:\n            exception_class = NoSuchWindowException\n        elif status in ErrorCode.STALE_ELEMENT_REFERENCE:\n            exception_class = StaleElementReferenceException\n        elif status in ErrorCode.ELEMENT_NOT_VISIBLE:\n            exception_class = ElementNotVisibleException\n        elif status in ErrorCode.INVALID_ELEMENT_STATE:\n            exception_class = InvalidElementStateException\n        elif (\n            status in ErrorCode.INVALID_SELECTOR\n            or status in ErrorCode.INVALID_XPATH_SELECTOR\n            or status in ErrorCode.INVALID_XPATH_SELECTOR_RETURN_TYPER\n        ):\n            exception_class = InvalidSelectorException\n        elif status in ErrorCode.ELEMENT_IS_NOT_SELECTABLE:\n            exception_class = ElementNotSelectableException\n        elif status in ErrorCode.ELEMENT_NOT_INTERACTABLE:\n            exception_class = ElementNotInteractableException\n        elif status in ErrorCode.INVALID_COOKIE_DOMAIN:\n            exception_class = InvalidCookieDomainException\n        elif status in ErrorCode.UNABLE_TO_SET_COOKIE:\n            exception_class = UnableToSetCookieException\n        elif status in ErrorCode.TIMEOUT:\n            exception_class = TimeoutException\n        elif status in ErrorCode.SCRIPT_TIMEOUT:\n            exception_class = TimeoutException\n        elif status in ErrorCode.UNKNOWN_ERROR:\n            exception_class = WebDriverException\n        elif status in ErrorCode.UNEXPECTED_ALERT_OPEN:\n            exception_class = UnexpectedAlertPresentException\n        elif status in ErrorCode.NO_ALERT_OPEN:\n            exception_class = NoAlertPresentException\n        elif status in ErrorCode.IME_NOT_AVAILABLE:\n            exception_class = ImeNotAvailableException\n        elif status in ErrorCode.IME_ENGINE_ACTIVATION_FAILED:\n            exception_class = ImeActivationFailedException\n        elif status in ErrorCode.MOVE_TARGET_OUT_OF_BOUNDS:\n            exception_class = MoveTargetOutOfBoundsException\n        elif status in ErrorCode.JAVASCRIPT_ERROR:\n            exception_class = JavascriptException\n        elif status in ErrorCode.SESSION_NOT_CREATED:\n            exception_class = SessionNotCreatedException\n        elif status in ErrorCode.INVALID_ARGUMENT:\n            exception_class = InvalidArgumentException\n        elif status in ErrorCode.NO_SUCH_COOKIE:\n            exception_class = NoSuchCookieException\n        elif status in ErrorCode.UNABLE_TO_CAPTURE_SCREEN:\n            exception_class = ScreenshotException\n        elif status in ErrorCode.ELEMENT_CLICK_INTERCEPTED:\n            exception_class = ElementClickInterceptedException\n        elif status in ErrorCode.INSECURE_CERTIFICATE:\n            exception_class = InsecureCertificateException\n        elif status in ErrorCode.INVALID_COORDINATES:\n            exception_class = InvalidCoordinatesException\n        elif status in ErrorCode.INVALID_SESSION_ID:\n            exception_class = InvalidSessionIdException\n        elif status in ErrorCode.UNKNOWN_METHOD:\n            exception_class = UnknownMethodException\n        else:\n            exception_class = WebDriverException\n        if not value:\n            value = response[\"value\"]\n        if isinstance(value, str):\n            raise exception_class(value)\n        if message == \"\" and \"message\" in value:\n            message = value[\"message\"]\n    \n        screen = None  # type: ignore[assignment]\n        if \"screen\" in value:\n            screen = value[\"screen\"]\n    \n        stacktrace = None\n        st_value = value.get(\"stackTrace\") or value.get(\"stacktrace\")\n        if st_value:\n            if isinstance(st_value, str):\n                stacktrace = st_value.split(\"\\n\")\n            else:\n                stacktrace = []\n                try:\n                    for frame in st_value:\n                        line = frame.get(\"lineNumber\", \"\")\n                        file = frame.get(\"fileName\", \"<anonymous>\")\n                        if line:\n                            file = f\"{file}:{line}\"\n                        meth = frame.get(\"methodName\", \"<anonymous>\")\n                        if \"className\" in frame:\n                            meth = f\"{frame['className']}.{meth}\"\n                        msg = \"    at %s (%s)\"\n                        msg = msg % (meth, file)\n                        stacktrace.append(msg)\n                except TypeError:\n                    pass\n        if exception_class == UnexpectedAlertPresentException:\n            alert_text = None\n            if \"data\" in value:\n                alert_text = value[\"data\"].get(\"text\")\n            elif \"alert\" in value:\n                alert_text = value[\"alert\"].get(\"text\")\n            raise exception_class(message, screen, stacktrace, alert_text)  # type: ignore[call-arg]  # mypy is not smart enough here\n>       raise exception_class(message, screen, stacktrace)\nE       selenium.common.exceptions.NoSuchElementException: Message: no such element: Unable to locate element: {\"method\":\"xpath\",\"selector\":\"//div[@id='loginPanel']//input[@name='username']\"}\nE         (Session info: chrome=133.0.6943.53)\nE       Stacktrace:\nE       #0 0x5d48dafab09a <unknown>\nE       #1 0x5d48daa728b0 <unknown>\nE       #2 0x5d48daac3b99 <unknown>\nE       #3 0x5d48daac3d21 <unknown>\nE       #4 0x5d48dab12854 <unknown>\nE       #5 0x5d48daae99ad <unknown>\nE       #6 0x5d48dab0fb8b <unknown>\nE       #7 0x5d48daae9753 <unknown>\nE       #8 0x5d48daab538e <unknown>\nE       #9 0x5d48daab6b51 <unknown>\nE       #10 0x5d48daf7476b <unknown>\nE       #11 0x5d48daf786f2 <unknown>\nE       #12 0x5d48daf608fc <unknown>\nE       #13 0x5d48daf792e4 <unknown>\nE       #14 0x5d48daf449cf <unknown>\nE       #15 0x5d48daf99cd8 <unknown>\nE       #16 0x5d48daf99eb6 <unknown>\nE       #17 0x5d48dafa9f16 <unknown>\nE       #18 0x72db5c494ac3 <unknown>\n\nvenv/lib/python3.10/site-packages/selenium/webdriver/remote/errorhandler.py:245: NoSuchElementException"}, "description": "\n    Тест проверяет, что при вводе неправильных учетных данных вход осуществляется (негативный сценарий).\n    Ожидается, что тест провалится, так как система должна блокировать вход, но этого не происходит.\n    ", "start": 1739121811124, "stop": 1739121826158, "uuid": "a3aad98e-520b-4b18-ab7c-57de5fc13746", "historyId": "ff70dd8cbd233cf1ea5490a3cf131423", "testCaseId": "94f0d9bacb0beb48556e4690ac25908f", "fullName": "tests.test_additional#test_multiple_failed_login_attempts", "labels": [{"name": "tag", "value": "@pytest.mark.xfail(reason='Система ошибочно принимает неверные учетные данные, вход осуществляется')"}, {"name": "parentSuite", "value": "tests"}, {"name": "suite", "value": "test_additional"}, {"name": "host", "value": "irakli-ThinkPad-T490"}, {"name": "thread", "value": "211157-MainThread"}, {"name": "framework", "value": "pytest"}, {"name": "language", "value": "cpython3"}, {"name": "package", "value": "tests.test_additional"}]}